2024-04-15 08:32  INFO 10272 --- [examen-spring-2024] [main] es.mde.preexamen.PreexamenApplication    : Starting PreexamenApplication using Java 17.0.10 with PID 10272 (/home/a04/Documentos/PREPARACION EXAMEN SPRINGBOOT/preparacion-examen/build/classes/java/main started by a04 in /home/a04/Documentos/PREPARACION EXAMEN SPRINGBOOT/preparacion-examen)
2024-04-15 08:32  INFO 10272 --- [examen-spring-2024] [main] es.mde.preexamen.PreexamenApplication    : No active profile set, falling back to 1 default profile: "default"
2024-04-15 08:32  WARN 10272 --- [examen-spring-2024] [main] org.hibernate.orm.deprecation            : HHH90000025: H2Dialect does not need to be specified explicitly using 'hibernate.dialect' (remove the property setting and it will be selected by default)
2024-04-15 08:32  WARN 10272 --- [examen-spring-2024] [main] h.b.m.i.JPAXMLOverriddenAnnotationReader : HHH000207: Property 'es.mde.externas.Perro.size' not found in class but described in <mapping-file/> (possible typo error)
2024-04-15 08:32  WARN 10272 --- [examen-spring-2024] [main] JpaBaseConfiguration$JpaWebConfiguration : spring.jpa.open-in-view is enabled by default. Therefore, database queries may be performed during view rendering. Explicitly configure spring.jpa.open-in-view to disable this warning
2024-04-15 08:32  INFO 10272 --- [examen-spring-2024] [main] es.mde.preexamen.PreexamenApplication    : Started PreexamenApplication in 6.348 seconds (process running for 6.654)
2024-04-15 08:41  INFO 11252 --- [examen-spring-2024] [main] es.mde.preexamen.PreexamenApplication    : Starting PreexamenApplication using Java 17.0.10 with PID 11252 (/home/a04/Documentos/PREPARACION EXAMEN SPRINGBOOT/preparacion-examen/build/classes/java/main started by a04 in /home/a04/Documentos/PREPARACION EXAMEN SPRINGBOOT/preparacion-examen)
2024-04-15 08:41  INFO 11252 --- [examen-spring-2024] [main] es.mde.preexamen.PreexamenApplication    : No active profile set, falling back to 1 default profile: "default"
2024-04-15 08:41  WARN 11252 --- [examen-spring-2024] [main] org.hibernate.orm.deprecation            : HHH90000025: H2Dialect does not need to be specified explicitly using 'hibernate.dialect' (remove the property setting and it will be selected by default)
2024-04-15 08:41  WARN 11252 --- [examen-spring-2024] [main] JpaBaseConfiguration$JpaWebConfiguration : spring.jpa.open-in-view is enabled by default. Therefore, database queries may be performed during view rendering. Explicitly configure spring.jpa.open-in-view to disable this warning
2024-04-15 08:41  INFO 11252 --- [examen-spring-2024] [main] es.mde.preexamen.PreexamenApplication    : Started PreexamenApplication in 2.898 seconds (process running for 3.206)
2024-04-15 08:48  INFO 11916 --- [examen-spring-2024] [main] es.mde.preexamen.PreexamenApplication    : Starting PreexamenApplication using Java 17.0.10 with PID 11916 (/home/a04/Documentos/PREPARACION EXAMEN SPRINGBOOT/preparacion-examen/build/classes/java/main started by a04 in /home/a04/Documentos/PREPARACION EXAMEN SPRINGBOOT/preparacion-examen)
2024-04-15 08:48  INFO 11916 --- [examen-spring-2024] [main] es.mde.preexamen.PreexamenApplication    : No active profile set, falling back to 1 default profile: "default"
2024-04-15 08:48  WARN 11916 --- [examen-spring-2024] [main] org.hibernate.orm.deprecation            : HHH90000025: H2Dialect does not need to be specified explicitly using 'hibernate.dialect' (remove the property setting and it will be selected by default)
2024-04-15 08:48  WARN 11916 --- [examen-spring-2024] [main] JpaBaseConfiguration$JpaWebConfiguration : spring.jpa.open-in-view is enabled by default. Therefore, database queries may be performed during view rendering. Explicitly configure spring.jpa.open-in-view to disable this warning
2024-04-15 08:48  INFO 11916 --- [examen-spring-2024] [main] es.mde.preexamen.PreexamenApplication    : Started PreexamenApplication in 2.833 seconds (process running for 3.138)
2024-04-15 08:55  INFO 12754 --- [examen-spring-2024] [main] es.mde.preexamen.PreexamenApplication    : Starting PreexamenApplication using Java 17.0.10 with PID 12754 (/home/a04/Documentos/PREPARACION EXAMEN SPRINGBOOT/preparacion-examen/build/classes/java/main started by a04 in /home/a04/Documentos/PREPARACION EXAMEN SPRINGBOOT/preparacion-examen)
2024-04-15 08:55  INFO 12754 --- [examen-spring-2024] [main] es.mde.preexamen.PreexamenApplication    : No active profile set, falling back to 1 default profile: "default"
2024-04-15 08:55  WARN 12754 --- [examen-spring-2024] [main] org.hibernate.orm.deprecation            : HHH90000025: H2Dialect does not need to be specified explicitly using 'hibernate.dialect' (remove the property setting and it will be selected by default)
2024-04-15 08:55  WARN 12754 --- [examen-spring-2024] [main] JpaBaseConfiguration$JpaWebConfiguration : spring.jpa.open-in-view is enabled by default. Therefore, database queries may be performed during view rendering. Explicitly configure spring.jpa.open-in-view to disable this warning
2024-04-15 08:55  INFO 12754 --- [examen-spring-2024] [main] es.mde.preexamen.PreexamenApplication    : Started PreexamenApplication in 2.985 seconds (process running for 3.273)
